{"C:\\Users\\Windows\\Desktop\\ServiMatch\\backend\\src\\config\\database.js": {"path":"C:\\Users\\Windows\\Desktop\\ServiMatch\\backend\\src\\config\\database.js","statementMap":{"0":{"start":{"line":4,"column":20},"end":{"line":10,"column":2}}},"fnMap":{},"branchMap":{},"s":{"0":1},"f":{},"b":{},"_coverageSchema":"1a1c01bbd47fc00a2c39e90264f33305004495a9","hash":"aa8d5ff7105a9b7c1fc35cf1f30257e561363c3d"}
,"C:\\Users\\Windows\\Desktop\\ServiMatch\\backend\\src\\modules\\reviews\\reviews.repository.js": {"path":"C:\\Users\\Windows\\Desktop\\ServiMatch\\backend\\src\\modules\\reviews\\reviews.repository.js","statementMap":{"0":{"start":{"line":10,"column":22},"end":{"line":15,"column":3}},"1":{"start":{"line":16,"column":2},"end":{"line":16,"column":28}},"2":{"start":{"line":20,"column":22},"end":{"line":27,"column":3}},"3":{"start":{"line":28,"column":2},"end":{"line":28,"column":22}},"4":{"start":{"line":35,"column":22},"end":{"line":40,"column":3}},"5":{"start":{"line":41,"column":2},"end":{"line":41,"column":22}},"6":{"start":{"line":45,"column":22},"end":{"line":53,"column":3}},"7":{"start":{"line":54,"column":2},"end":{"line":54,"column":19}},"8":{"start":{"line":58,"column":22},"end":{"line":65,"column":3}},"9":{"start":{"line":67,"column":2},"end":{"line":67,"column":22}}},"fnMap":{"0":{"name":"criar_review_repository","decl":{"start":{"line":3,"column":22},"end":{"line":3,"column":45}},"loc":{"start":{"line":9,"column":2},"end":{"line":17,"column":1}},"line":9},"1":{"name":"buscar_dados_review_repository","decl":{"start":{"line":19,"column":22},"end":{"line":19,"column":52}},"loc":{"start":{"line":19,"column":76},"end":{"line":29,"column":1}},"line":19},"2":{"name":"buscar_review_existente_repository","decl":{"start":{"line":31,"column":22},"end":{"line":31,"column":56}},"loc":{"start":{"line":34,"column":2},"end":{"line":42,"column":1}},"line":34},"3":{"name":"listar_review_repository","decl":{"start":{"line":44,"column":22},"end":{"line":44,"column":46}},"loc":{"start":{"line":44,"column":59},"end":{"line":55,"column":1}},"line":44},"4":{"name":"buscar_media_repository","decl":{"start":{"line":57,"column":22},"end":{"line":57,"column":45}},"loc":{"start":{"line":57,"column":58},"end":{"line":68,"column":1}},"line":57}},"branchMap":{},"s":{"0":0,"1":0,"2":0,"3":0,"4":0,"5":0,"6":0,"7":0,"8":0,"9":0},"f":{"0":0,"1":0,"2":0,"3":0,"4":0},"b":{},"_coverageSchema":"1a1c01bbd47fc00a2c39e90264f33305004495a9","hash":"f93d5e7335310881f894667709710fb561b1d380"}
,"C:\\Users\\Windows\\Desktop\\ServiMatch\\backend\\src\\modules\\reviews\\reviews.service.js": {"path":"C:\\Users\\Windows\\Desktop\\ServiMatch\\backend\\src\\modules\\reviews\\reviews.service.js","statementMap":{"0":{"start":{"line":16,"column":25},"end":{"line":19,"column":3}},"1":{"start":{"line":21,"column":26},"end":{"line":24,"column":3}},"2":{"start":{"line":26,"column":2},"end":{"line":28,"column":3}},"3":{"start":{"line":27,"column":4},"end":{"line":27,"column":63}},"4":{"start":{"line":30,"column":2},"end":{"line":32,"column":3}},"5":{"start":{"line":31,"column":4},"end":{"line":31,"column":70}},"6":{"start":{"line":34,"column":2},"end":{"line":36,"column":3}},"7":{"start":{"line":35,"column":4},"end":{"line":35,"column":72}},"8":{"start":{"line":38,"column":2},"end":{"line":42,"column":3}},"9":{"start":{"line":39,"column":4},"end":{"line":41,"column":5}},"10":{"start":{"line":40,"column":6},"end":{"line":40,"column":60}},"11":{"start":{"line":44,"column":2},"end":{"line":48,"column":3}},"12":{"start":{"line":45,"column":4},"end":{"line":47,"column":5}},"13":{"start":{"line":46,"column":6},"end":{"line":46,"column":60}},"14":{"start":{"line":50,"column":2},"end":{"line":52,"column":3}},"15":{"start":{"line":51,"column":4},"end":{"line":51,"column":60}},"16":{"start":{"line":53,"column":2},"end":{"line":55,"column":3}},"17":{"start":{"line":54,"column":4},"end":{"line":54,"column":54}},"18":{"start":{"line":57,"column":2},"end":{"line":68,"column":3}},"19":{"start":{"line":58,"column":4},"end":{"line":67,"column":5}},"20":{"start":{"line":63,"column":6},"end":{"line":66,"column":8}},"21":{"start":{"line":70,"column":20},"end":{"line":76,"column":3}},"22":{"start":{"line":78,"column":2},"end":{"line":78,"column":19}},"23":{"start":{"line":82,"column":2},"end":{"line":84,"column":3}},"24":{"start":{"line":83,"column":4},"end":{"line":83,"column":54}},"25":{"start":{"line":86,"column":36},"end":{"line":89,"column":4}},"26":{"start":{"line":91,"column":2},"end":{"line":91,"column":44}}},"fnMap":{"0":{"name":"criar_review_service","decl":{"start":{"line":9,"column":22},"end":{"line":9,"column":42}},"loc":{"start":{"line":15,"column":2},"end":{"line":79,"column":1}},"line":15},"1":{"name":"listar_reviews_service","decl":{"start":{"line":81,"column":22},"end":{"line":81,"column":44}},"loc":{"start":{"line":81,"column":57},"end":{"line":92,"column":1}},"line":81}},"branchMap":{"0":{"loc":{"start":{"line":26,"column":2},"end":{"line":28,"column":3}},"type":"if","locations":[{"start":{"line":26,"column":2},"end":{"line":28,"column":3}},{"start":{},"end":{}}],"line":26},"1":{"loc":{"start":{"line":30,"column":2},"end":{"line":32,"column":3}},"type":"if","locations":[{"start":{"line":30,"column":2},"end":{"line":32,"column":3}},{"start":{},"end":{}}],"line":30},"2":{"loc":{"start":{"line":34,"column":2},"end":{"line":36,"column":3}},"type":"if","locations":[{"start":{"line":34,"column":2},"end":{"line":36,"column":3}},{"start":{},"end":{}}],"line":34},"3":{"loc":{"start":{"line":38,"column":2},"end":{"line":42,"column":3}},"type":"if","locations":[{"start":{"line":38,"column":2},"end":{"line":42,"column":3}},{"start":{},"end":{}}],"line":38},"4":{"loc":{"start":{"line":39,"column":4},"end":{"line":41,"column":5}},"type":"if","locations":[{"start":{"line":39,"column":4},"end":{"line":41,"column":5}},{"start":{},"end":{}}],"line":39},"5":{"loc":{"start":{"line":44,"column":2},"end":{"line":48,"column":3}},"type":"if","locations":[{"start":{"line":44,"column":2},"end":{"line":48,"column":3}},{"start":{},"end":{}}],"line":44},"6":{"loc":{"start":{"line":45,"column":4},"end":{"line":47,"column":5}},"type":"if","locations":[{"start":{"line":45,"column":4},"end":{"line":47,"column":5}},{"start":{},"end":{}}],"line":45},"7":{"loc":{"start":{"line":50,"column":2},"end":{"line":52,"column":3}},"type":"if","locations":[{"start":{"line":50,"column":2},"end":{"line":52,"column":3}},{"start":{},"end":{}}],"line":50},"8":{"loc":{"start":{"line":53,"column":2},"end":{"line":55,"column":3}},"type":"if","locations":[{"start":{"line":53,"column":2},"end":{"line":55,"column":3}},{"start":{},"end":{}}],"line":53},"9":{"loc":{"start":{"line":53,"column":6},"end":{"line":53,"column":30}},"type":"binary-expr","locations":[{"start":{"line":53,"column":6},"end":{"line":53,"column":16}},{"start":{"line":53,"column":20},"end":{"line":53,"column":30}}],"line":53},"10":{"loc":{"start":{"line":57,"column":2},"end":{"line":68,"column":3}},"type":"if","locations":[{"start":{"line":57,"column":2},"end":{"line":68,"column":3}},{"start":{},"end":{}}],"line":57},"11":{"loc":{"start":{"line":57,"column":6},"end":{"line":57,"column":47}},"type":"binary-expr","locations":[{"start":{"line":57,"column":6},"end":{"line":57,"column":22}},{"start":{"line":57,"column":26},"end":{"line":57,"column":47}}],"line":57},"12":{"loc":{"start":{"line":58,"column":4},"end":{"line":67,"column":5}},"type":"if","locations":[{"start":{"line":58,"column":4},"end":{"line":67,"column":5}},{"start":{},"end":{}}],"line":58},"13":{"loc":{"start":{"line":59,"column":6},"end":{"line":61,"column":20}},"type":"binary-expr","locations":[{"start":{"line":59,"column":6},"end":{"line":59,"column":33}},{"start":{"line":60,"column":6},"end":{"line":60,"column":32}},{"start":{"line":61,"column":6},"end":{"line":61,"column":20}}],"line":59},"14":{"loc":{"start":{"line":82,"column":2},"end":{"line":84,"column":3}},"type":"if","locations":[{"start":{"line":82,"column":2},"end":{"line":84,"column":3}},{"start":{},"end":{}}],"line":82}},"s":{"0":0,"1":0,"2":0,"3":0,"4":0,"5":0,"6":0,"7":0,"8":0,"9":0,"10":0,"11":0,"12":0,"13":0,"14":0,"15":0,"16":0,"17":0,"18":0,"19":0,"20":0,"21":0,"22":0,"23":3,"24":0,"25":3,"26":2},"f":{"0":0,"1":3},"b":{"0":[0,0],"1":[0,0],"2":[0,0],"3":[0,0],"4":[0,0],"5":[0,0],"6":[0,0],"7":[0,0],"8":[0,0],"9":[0,0],"10":[0,0],"11":[0,0],"12":[0,0],"13":[0,0,0],"14":[0,3]},"_coverageSchema":"1a1c01bbd47fc00a2c39e90264f33305004495a9","hash":"b19eed4b69a751405bc46ca4a7a6650a2adb1c9a"}
,"C:\\Users\\Windows\\Desktop\\ServiMatch\\backend\\src\\utils\\AppError.js": {"path":"C:\\Users\\Windows\\Desktop\\ServiMatch\\backend\\src\\utils\\AppError.js","statementMap":{"0":{"start":{"line":3,"column":4},"end":{"line":3,"column":19}},"1":{"start":{"line":4,"column":4},"end":{"line":4,"column":33}}},"fnMap":{"0":{"name":"(anonymous_0)","decl":{"start":{"line":2,"column":2},"end":{"line":2,"column":3}},"loc":{"start":{"line":2,"column":41},"end":{"line":5,"column":3}},"line":2}},"branchMap":{"0":{"loc":{"start":{"line":2,"column":23},"end":{"line":2,"column":39}},"type":"default-arg","locations":[{"start":{"line":2,"column":36},"end":{"line":2,"column":39}}],"line":2}},"s":{"0":0,"1":0},"f":{"0":0},"b":{"0":[0]},"_coverageSchema":"1a1c01bbd47fc00a2c39e90264f33305004495a9","hash":"228e4b70f19c9da2bb186e4942c4e26706b3a9ca"}
}
